\BOOKMARK [1][-]{section*.2}{Pr\351face}{}
\BOOKMARK [0][-]{chapter.1}{Un sous-sol \340 Nazareth, le lundi 18 juillet 2033}{}
\BOOKMARK [0][-]{chapter.2}{La loi du Gros Turcotte}{}
\BOOKMARK [0][-]{chapter.3}{L\220\342ge du Nutrisuz}{}
\BOOKMARK [0][-]{chapter.4}{Trio pour clarinette, violon et \203 trombone, le 18 juillet 2033}{}
\BOOKMARK [0][-]{chapter.5}{Arnaque qui finit mal, le lundi 6 septembre 2027}{}
\BOOKMARK [0][-]{chapter.6}{Du manger mou aux nouvelles, le mardi 19 juillet 2033}{}
\BOOKMARK [0][-]{chapter.7}{Le sort frappe, le mercredi 20 juillet 2033}{}
\BOOKMARK [0][-]{chapter.8}{D\351ontologie \340 gogo, le jeudi 21 juillet 2033 }{}
\BOOKMARK [0][-]{chapter.9}{Aussi bien invoquer Quetzalcoatl, du vendredi 22 au dimanche 24 juillet 2033 }{}
\BOOKMARK [0][-]{chapter.10}{Marceline saute une coche, le vendredi 4 mai 1962 }{}
\BOOKMARK [0][-]{chapter.11}{La th\351orie du docteur Robie,le lundi 25 juillet 2033}{}
\BOOKMARK [0][-]{chapter.12}{Sous le joug d\220Ilsa la louve, du 25 au 26 juillet 2033}{}
\BOOKMARK [0][-]{chapter.13}{Les errements nyctalopes d\220une grande folle, du 22 au 25 juillet 2033}{}
\BOOKMARK [0][-]{chapter.14}{Grande bouffe pour Dart Vader, le 26 juillet 2033}{}
\BOOKMARK [0][-]{chapter.15}{Timoth\351e craque et remet \347a ! le 27 juillet 2033}{}
\BOOKMARK [0][-]{chapter.16}{Sanglots sur une vie bris\351e, le 27 juillet 2033 }{}
\BOOKMARK [0][-]{chapter.17}{Robespierre prend les commandes, le jeudi 28 juillet 2033 }{}
\BOOKMARK [0][-]{chapter.18}{La fille sous la lanterne, le jeudi 28 juillet 2033 }{}
\BOOKMARK [0][-]{chapter.19}{Lyre de lumi\350re et de libert\351, le lundi 10 juillet 2034 }{}
\BOOKMARK [0][-]{chapter*.3}{Table des mati\350res}{}
