This is pdfTeXk, Version 3.141592-1.40.3 (Web2C 7.5.6) (format=pdflatex 2008.11.4)  17 FEB 2009 21:38
entering extended mode
 Source specials enabled.
 file:line:error style messages enabled.
 %&-line parsing enabled.
**preface
(./preface.tex
LaTeX2e <2005/12/01>
Babel <v3.8h> and hyphenation patterns for english, usenglishmax, dumylang, noh
yphenation, loaded.
./preface.tex:1: Undefined control sequence.
l.1 \TitreIntro
               {Préface}
? 
./preface.tex:1: Emergency stop.
l.1 \TitreIntro
               {Préface}
End of file on the terminal!

 
Here is how much of TeX's memory you used:
 5 strings out of 95086
 139 string characters out of 1183255
 45034 words of memory out of 1500000
 3277 multiletter control sequences out of 10000+50000
 3640 words of font info for 14 fonts, out of 1200000 for 2000
 28 hyphenation exceptions out of 8191
 5i,0n,1p,31b,8s stack positions out of 5000i,500n,6000p,200000b,5000s
./preface.tex:1:  ==> Fatal error occurred, no output PDF file produced!
